<?xml version="1.0" encoding="UTF-8"?>
<testsuite xmlns:xsi="http://www.w3.org/2001/XMLSchema-instance" xsi:noNamespaceSchemaLocation="https://maven.apache.org/surefire/maven-surefire-plugin/xsd/surefire-test-report.xsd" version="3.0.2" name="TestSuite" time="14.02" tests="5" errors="0" skipped="0" failures="0">
  <properties>
[...]
</properties>
  <testcase name="runScenario[&quot;Successful User Login&quot;, &quot;User Log-In&quot;](1)" classname="Runners.TestRunner" time="4.859">
    <system-out><![CDATA[
Scenario Outline: Successful User Login                                     # src/test/resources/Features/2_Login_Page.feature:10
  Given user clicks on signin button                                        # StepDefinition.LoginStep.user_clicks_on_signin_button()
  When user enters "niyojithsuresh06@gmail.com", and confirms "NiyoJith@22" # StepDefinition.LoginStep.user_enters_and_confirms(java.lang.String,java.lang.String)
  And user clicks on Login Button                                           # StepDefinition.LoginStep.user_clicks_on_login_button()
]]></system-out>
    <system-err><![CDATA[SLF4J(W): No SLF4J providers were found.
SLF4J(W): Defaulting to no-operation (NOP) logger implementation
SLF4J(W): See https://www.slf4j.org/codes.html#noProviders for further details.
May 25, 2025 11:23:48 PM org.openqa.selenium.devtools.CdpVersionFinder findNearestMatch
WARNING: Unable to find an exact match for CDP version 136, returning the closest version; found: 132; Please update to a Selenium version that supports CDP version 136
]]></system-err>
  </testcase>
  <testcase name="runScenario[&quot;User explores the menu and selects favorite dishes&quot;, &quot;Exploring the menu and selecting food&quot;](2)" classname="Runners.TestRunner" time="3.838">
    <system-out><![CDATA[
Scenario Outline: User explores the menu and selects favorite dishes        # src/test/resources/Features/4_MenuExplore.feature:9
  Given User clicks the menu to view the available items                    # StepDefinition.MenuStep.user_clicks_the_menu_to_view_the_available_items()
  When User selects "Kabab", clicks "Mutton Kabab", and adds it to the cart # StepDefinition.MenuStep.user_selects_and_adds_the_following_food_items_to_the_cart(java.lang.String,java.lang.String)
]]></system-out>
  </testcase>
  <testcase name="runScenario[&quot;User explores the menu and selects favorite dishes&quot;, &quot;Exploring the menu and selecting food&quot;](3)" classname="Runners.TestRunner" time="1.069">
    <system-out><![CDATA[
Scenario Outline: User explores the menu and selects favorite dishes     # src/test/resources/Features/4_MenuExplore.feature:10
  Given User clicks the menu to view the available items                 # StepDefinition.MenuStep.user_clicks_the_menu_to_view_the_available_items()
  When User selects "Rice", clicks "Mandi Rice", and adds it to the cart # StepDefinition.MenuStep.user_selects_and_adds_the_following_food_items_to_the_cart(java.lang.String,java.lang.String)
]]></system-out>
  </testcase>
  <testcase name="runScenario[&quot;User explores the menu and selects favorite dishes&quot;, &quot;Exploring the menu and selecting food&quot;](4)" classname="Runners.TestRunner" time="1.006">
    <system-out><![CDATA[
Scenario Outline: User explores the menu and selects favorite dishes        # src/test/resources/Features/4_MenuExplore.feature:11
  Given User clicks the menu to view the available items                    # StepDefinition.MenuStep.user_clicks_the_menu_to_view_the_available_items()
  When User selects "Rolls", clicks "Chicken Roll", and adds it to the cart # StepDefinition.MenuStep.user_selects_and_adds_the_following_food_items_to_the_cart(java.lang.String,java.lang.String)
]]></system-out>
  </testcase>
  <testcase name="runScenario[&quot;User applies promo code, provides address, and completes payment&quot;, &quot;Cart and Payment&quot;](5)" classname="Runners.TestRunner" time="2.132">
    <system-out><![CDATA[
Scenario Outline: User applies promo code, provides address, and completes payment                                                                                                  # src/test/resources/Features/5_Cart&PaymentPage.feature:12
  Given the user has added items to the cart                                                                                                                                        # StepDefinition.CartPayStep.the_user_has_added_items_to_the_cart()
  When the user applies promo code "<promo Code>"                                                                                                                                   # StepDefinition.CartPayStep.the_user_applies_promo_code(java.lang.String)
  And the user enters the address with first name "John", last name "Doe", phone "1234567890", street "Main Street", street number "101", building number "12A", city "Springfield" # StepDefinition.CartPayStep.the_user_enters_the_address_with_first_name_last_name_phone_street_street_number_building_number_city(java.lang.String,java.lang.String,java.lang.String,java.lang.String,java.lang.String,java.lang.String,java.lang.String)
  And the user selects the payment method and places the order                                                                                                                      # StepDefinition.CartPayStep.the_user_selects_the_payment_method_and_places_the_order()
  Then the order placed successfully message displayed and Track your order                                                                                                         # StepDefinition.CartPayStep.the_order_placed_successfully_message_displayed_and_Track_your_order()
]]></system-out>
  </testcase>
</testsuite>